[2023-07-10 18:01:09,992] {taskinstance.py:877} INFO - Dependencies all met for <TaskInstance: online_payment_dag.extract_transform 2023-07-10T18:01:04.493916+00:00 [queued]>
[2023-07-10 18:01:10,041] {taskinstance.py:877} INFO - Dependencies all met for <TaskInstance: online_payment_dag.extract_transform 2023-07-10T18:01:04.493916+00:00 [queued]>
[2023-07-10 18:01:10,041] {taskinstance.py:1068} INFO - 
--------------------------------------------------------------------------------
[2023-07-10 18:01:10,043] {taskinstance.py:1069} INFO - Starting attempt 1 of 1
[2023-07-10 18:01:10,043] {taskinstance.py:1070} INFO - 
--------------------------------------------------------------------------------
[2023-07-10 18:01:10,108] {taskinstance.py:1089} INFO - Executing <Task(_PythonDecoratedOperator): extract_transform> on 2023-07-10T18:01:04.493916+00:00
[2023-07-10 18:01:10,114] {standard_task_runner.py:52} INFO - Started process 66 to run task
[2023-07-10 18:01:10,118] {standard_task_runner.py:76} INFO - Running: ['airflow', 'tasks', 'run', 'online_payment_dag', 'extract_transform', '2023-07-10T18:01:04.493916+00:00', '--job-id', '20', '--pool', 'default_pool', '--raw', '--subdir', 'DAGS_FOLDER/online_payment_dag.py', '--cfg-path', '/tmp/tmps06oxtyz', '--error-file', '/tmp/tmpnp343_3f']
[2023-07-10 18:01:10,120] {standard_task_runner.py:77} INFO - Job 20: Subtask extract_transform
[2023-07-10 18:01:10,213] {logging_mixin.py:104} INFO - Running <TaskInstance: online_payment_dag.extract_transform 2023-07-10T18:01:04.493916+00:00 [running]> on host e4222cfbfdf4
[2023-07-10 18:01:10,294] {taskinstance.py:1281} INFO - Exporting the following env vars:
AIRFLOW_CTX_DAG_EMAIL=datokza@gmail.com
AIRFLOW_CTX_DAG_OWNER=okza
AIRFLOW_CTX_DAG_ID=online_payment_dag
AIRFLOW_CTX_TASK_ID=extract_transform
AIRFLOW_CTX_EXECUTION_DATE=2023-07-10T18:01:04.493916+00:00
AIRFLOW_CTX_DAG_RUN_ID=manual__2023-07-10T18:01:04.493916+00:00
[2023-07-10 18:01:10,369] {taskinstance.py:1185} INFO - Marking task as SUCCESS. dag_id=online_payment_dag, task_id=extract_transform, execution_date=20230710T180104, start_date=20230710T180109, end_date=20230710T180110
[2023-07-10 18:01:10,508] {taskinstance.py:1246} INFO - 1 downstream tasks scheduled from follow-on schedule check
[2023-07-10 18:01:10,533] {local_task_job.py:146} INFO - Task exited with return code 0
