[2023-07-12 06:14:43,745] {taskinstance.py:877} INFO - Dependencies all met for <TaskInstance: online_payment_dag.store_to_gcs 2023-07-12T06:12:53.567734+00:00 [queued]>
[2023-07-12 06:14:43,832] {taskinstance.py:877} INFO - Dependencies all met for <TaskInstance: online_payment_dag.store_to_gcs 2023-07-12T06:12:53.567734+00:00 [queued]>
[2023-07-12 06:14:43,832] {taskinstance.py:1068} INFO - 
--------------------------------------------------------------------------------
[2023-07-12 06:14:43,833] {taskinstance.py:1069} INFO - Starting attempt 1 of 1
[2023-07-12 06:14:43,834] {taskinstance.py:1070} INFO - 
--------------------------------------------------------------------------------
[2023-07-12 06:14:43,972] {taskinstance.py:1089} INFO - Executing <Task(LocalFilesystemToGCSOperator): store_to_gcs> on 2023-07-12T06:12:53.567734+00:00
[2023-07-12 06:14:43,978] {standard_task_runner.py:52} INFO - Started process 54 to run task
[2023-07-12 06:14:43,982] {standard_task_runner.py:76} INFO - Running: ['airflow', 'tasks', 'run', 'online_payment_dag', 'store_to_gcs', '2023-07-12T06:12:53.567734+00:00', '--job-id', '31', '--pool', 'default_pool', '--raw', '--subdir', 'DAGS_FOLDER/online_payment_dag.py', '--cfg-path', '/tmp/tmpit6erg6u', '--error-file', '/tmp/tmp9qjnb261']
[2023-07-12 06:14:43,983] {standard_task_runner.py:77} INFO - Job 31: Subtask store_to_gcs
[2023-07-12 06:14:44,182] {logging_mixin.py:104} INFO - Running <TaskInstance: online_payment_dag.store_to_gcs 2023-07-12T06:12:53.567734+00:00 [running]> on host 11bfbcbbf30b
[2023-07-12 06:14:44,309] {taskinstance.py:1281} INFO - Exporting the following env vars:
AIRFLOW_CTX_DAG_EMAIL=datokza@gmail.com
AIRFLOW_CTX_DAG_OWNER=okza
AIRFLOW_CTX_DAG_ID=online_payment_dag
AIRFLOW_CTX_TASK_ID=store_to_gcs
AIRFLOW_CTX_EXECUTION_DATE=2023-07-12T06:12:53.567734+00:00
AIRFLOW_CTX_DAG_RUN_ID=manual__2023-07-12T06:12:53.567734+00:00
[2023-07-12 06:14:45,016] {gcs.py:485} INFO - File /opt/airflow/data/online_payment.csv uploaded to online_payment.csv in airflowdf bucket
[2023-07-12 06:14:45,125] {taskinstance.py:1185} INFO - Marking task as SUCCESS. dag_id=online_payment_dag, task_id=store_to_gcs, execution_date=20230712T061253, start_date=20230712T061443, end_date=20230712T061445
[2023-07-12 06:14:45,350] {taskinstance.py:1246} INFO - 1 downstream tasks scheduled from follow-on schedule check
[2023-07-12 06:14:45,400] {local_task_job.py:146} INFO - Task exited with return code 0
