[2023-07-11 17:29:51,452] {taskinstance.py:877} INFO - Dependencies all met for <TaskInstance: online_payment_dag.unzip_file 2023-07-11T17:29:14.547721+00:00 [queued]>
[2023-07-11 17:29:51,603] {taskinstance.py:877} INFO - Dependencies all met for <TaskInstance: online_payment_dag.unzip_file 2023-07-11T17:29:14.547721+00:00 [queued]>
[2023-07-11 17:29:51,604] {taskinstance.py:1068} INFO - 
--------------------------------------------------------------------------------
[2023-07-11 17:29:51,605] {taskinstance.py:1069} INFO - Starting attempt 1 of 1
[2023-07-11 17:29:51,606] {taskinstance.py:1070} INFO - 
--------------------------------------------------------------------------------
[2023-07-11 17:29:51,800] {taskinstance.py:1089} INFO - Executing <Task(_PythonDecoratedOperator): unzip_file> on 2023-07-11T17:29:14.547721+00:00
[2023-07-11 17:29:51,808] {standard_task_runner.py:52} INFO - Started process 68 to run task
[2023-07-11 17:29:51,812] {standard_task_runner.py:76} INFO - Running: ['airflow', 'tasks', 'run', 'online_payment_dag', 'unzip_file', '2023-07-11T17:29:14.547721+00:00', '--job-id', '14', '--pool', 'default_pool', '--raw', '--subdir', 'DAGS_FOLDER/online_payment_dag.py', '--cfg-path', '/tmp/tmp40bfpgwu', '--error-file', '/tmp/tmpirdgrwfi']
[2023-07-11 17:29:51,814] {standard_task_runner.py:77} INFO - Job 14: Subtask unzip_file
[2023-07-11 17:29:52,132] {logging_mixin.py:104} INFO - Running <TaskInstance: online_payment_dag.unzip_file 2023-07-11T17:29:14.547721+00:00 [running]> on host 108192df2b59
[2023-07-11 17:29:52,433] {taskinstance.py:1281} INFO - Exporting the following env vars:
AIRFLOW_CTX_DAG_EMAIL=datokza@gmail.com
AIRFLOW_CTX_DAG_OWNER=okza
AIRFLOW_CTX_DAG_ID=online_payment_dag
AIRFLOW_CTX_TASK_ID=unzip_file
AIRFLOW_CTX_EXECUTION_DATE=2023-07-11T17:29:14.547721+00:00
AIRFLOW_CTX_DAG_RUN_ID=manual__2023-07-11T17:29:14.547721+00:00
[2023-07-11 17:30:15,015] {taskinstance.py:1185} INFO - Marking task as SUCCESS. dag_id=online_payment_dag, task_id=unzip_file, execution_date=20230711T172914, start_date=20230711T172951, end_date=20230711T173015
[2023-07-11 17:30:15,137] {taskinstance.py:1246} INFO - 1 downstream tasks scheduled from follow-on schedule check
[2023-07-11 17:30:15,189] {local_task_job.py:146} INFO - Task exited with return code 0
