[2023-07-12 06:09:15,573] {scheduler_job.py:182} INFO - Started process (PID=26) to work on /opt/airflow/dags/online_payment_dag.py
[2023-07-12 06:09:15,575] {scheduler_job.py:629} INFO - Processing file /opt/airflow/dags/online_payment_dag.py for tasks to queue
[2023-07-12 06:09:15,586] {logging_mixin.py:104} INFO - [2023-07-12 06:09:15,586] {dagbag.py:451} INFO - Filling up the DagBag from /opt/airflow/dags/online_payment_dag.py
[2023-07-12 06:09:39,211] {logging_mixin.py:104} INFO - [2023-07-12 06:09:39,211] {opentelemetry_tracing.py:28} INFO - This service is instrumented using OpenTelemetry.OpenTelemetry could not be imported; pleaseadd opentelemetry-api and opentelemetry-instrumentationpackages in order to get BigQuery Tracing data.
[2023-07-12 06:09:40,375] {logging_mixin.py:104} INFO - [2023-07-12 06:09:40,365] {dagbag.py:308} ERROR - Failed to import: /opt/airflow/dags/online_payment_dag.py
Traceback (most recent call last):
  File "/home/airflow/.local/lib/python3.8/site-packages/airflow/models/dagbag.py", line 305, in _load_modules_from_file
    loader.exec_module(new_module)
  File "<frozen importlib._bootstrap_external>", line 843, in exec_module
  File "<frozen importlib._bootstrap>", line 219, in _call_with_frames_removed
  File "/opt/airflow/dags/online_payment_dag.py", line 112, in <module>
    online_payment_elt = online_payment_dag()
  File "/home/airflow/.local/lib/python3.8/site-packages/airflow/models/dag.py", line 2325, in factory
    f(**f_kwargs)
  File "/opt/airflow/dags/online_payment_dag.py", line 61, in online_payment_dag
    download_from_gdrive_task = PythonOperator(
  File "/home/airflow/.local/lib/python3.8/site-packages/airflow/models/baseoperator.py", line 89, in __call__
    obj: BaseOperator = type.__call__(cls, *args, **kwargs)
  File "/home/airflow/.local/lib/python3.8/site-packages/airflow/utils/decorators.py", line 67, in wrapper
    dag_args = copy(dag.default_args) or {}
AttributeError: 'function' object has no attribute 'default_args'
[2023-07-12 06:09:40,386] {scheduler_job.py:641} WARNING - No viable dags retrieved from /opt/airflow/dags/online_payment_dag.py
[2023-07-12 06:09:40,534] {scheduler_job.py:190} INFO - Processing /opt/airflow/dags/online_payment_dag.py took 24.966 seconds
[2023-07-12 06:10:10,639] {scheduler_job.py:182} INFO - Started process (PID=28) to work on /opt/airflow/dags/online_payment_dag.py
[2023-07-12 06:10:10,641] {scheduler_job.py:629} INFO - Processing file /opt/airflow/dags/online_payment_dag.py for tasks to queue
[2023-07-12 06:10:10,642] {logging_mixin.py:104} INFO - [2023-07-12 06:10:10,642] {dagbag.py:451} INFO - Filling up the DagBag from /opt/airflow/dags/online_payment_dag.py
[2023-07-12 06:10:12,434] {logging_mixin.py:104} INFO - [2023-07-12 06:10:12,433] {opentelemetry_tracing.py:28} INFO - This service is instrumented using OpenTelemetry.OpenTelemetry could not be imported; pleaseadd opentelemetry-api and opentelemetry-instrumentationpackages in order to get BigQuery Tracing data.
[2023-07-12 06:10:12,850] {logging_mixin.py:104} INFO - [2023-07-12 06:10:12,843] {dagbag.py:308} ERROR - Failed to import: /opt/airflow/dags/online_payment_dag.py
Traceback (most recent call last):
  File "/home/airflow/.local/lib/python3.8/site-packages/airflow/models/dagbag.py", line 305, in _load_modules_from_file
    loader.exec_module(new_module)
  File "<frozen importlib._bootstrap_external>", line 843, in exec_module
  File "<frozen importlib._bootstrap>", line 219, in _call_with_frames_removed
  File "/opt/airflow/dags/online_payment_dag.py", line 112, in <module>
    online_payment_elt = online_payment_dag()
  File "/home/airflow/.local/lib/python3.8/site-packages/airflow/models/dag.py", line 2325, in factory
    f(**f_kwargs)
  File "/opt/airflow/dags/online_payment_dag.py", line 61, in online_payment_dag
    download_from_gdrive_task = PythonOperator(
  File "/home/airflow/.local/lib/python3.8/site-packages/airflow/models/baseoperator.py", line 89, in __call__
    obj: BaseOperator = type.__call__(cls, *args, **kwargs)
  File "/home/airflow/.local/lib/python3.8/site-packages/airflow/utils/decorators.py", line 67, in wrapper
    dag_args = copy(dag.default_args) or {}
AttributeError: 'function' object has no attribute 'default_args'
[2023-07-12 06:10:12,940] {scheduler_job.py:641} WARNING - No viable dags retrieved from /opt/airflow/dags/online_payment_dag.py
[2023-07-12 06:10:14,048] {scheduler_job.py:190} INFO - Processing /opt/airflow/dags/online_payment_dag.py took 3.412 seconds
[2023-07-12 06:10:44,103] {scheduler_job.py:182} INFO - Started process (PID=30) to work on /opt/airflow/dags/online_payment_dag.py
[2023-07-12 06:10:44,106] {scheduler_job.py:629} INFO - Processing file /opt/airflow/dags/online_payment_dag.py for tasks to queue
[2023-07-12 06:10:44,108] {logging_mixin.py:104} INFO - [2023-07-12 06:10:44,108] {dagbag.py:451} INFO - Filling up the DagBag from /opt/airflow/dags/online_payment_dag.py
[2023-07-12 06:10:44,947] {logging_mixin.py:104} INFO - [2023-07-12 06:10:44,947] {opentelemetry_tracing.py:28} INFO - This service is instrumented using OpenTelemetry.OpenTelemetry could not be imported; pleaseadd opentelemetry-api and opentelemetry-instrumentationpackages in order to get BigQuery Tracing data.
[2023-07-12 06:10:45,204] {logging_mixin.py:104} INFO - [2023-07-12 06:10:45,197] {dagbag.py:308} ERROR - Failed to import: /opt/airflow/dags/online_payment_dag.py
Traceback (most recent call last):
  File "/home/airflow/.local/lib/python3.8/site-packages/airflow/models/dagbag.py", line 305, in _load_modules_from_file
    loader.exec_module(new_module)
  File "<frozen importlib._bootstrap_external>", line 843, in exec_module
  File "<frozen importlib._bootstrap>", line 219, in _call_with_frames_removed
  File "/opt/airflow/dags/online_payment_dag.py", line 112, in <module>
    online_payment_elt = online_payment_dag()
  File "/home/airflow/.local/lib/python3.8/site-packages/airflow/models/dag.py", line 2325, in factory
    f(**f_kwargs)
  File "/opt/airflow/dags/online_payment_dag.py", line 61, in online_payment_dag
    download_from_gdrive_task = PythonOperator(
  File "/home/airflow/.local/lib/python3.8/site-packages/airflow/models/baseoperator.py", line 89, in __call__
    obj: BaseOperator = type.__call__(cls, *args, **kwargs)
  File "/home/airflow/.local/lib/python3.8/site-packages/airflow/utils/decorators.py", line 67, in wrapper
    dag_args = copy(dag.default_args) or {}
AttributeError: 'function' object has no attribute 'default_args'
[2023-07-12 06:10:45,210] {scheduler_job.py:641} WARNING - No viable dags retrieved from /opt/airflow/dags/online_payment_dag.py
[2023-07-12 06:10:45,301] {scheduler_job.py:190} INFO - Processing /opt/airflow/dags/online_payment_dag.py took 1.204 seconds
[2023-07-12 06:11:15,378] {scheduler_job.py:182} INFO - Started process (PID=32) to work on /opt/airflow/dags/online_payment_dag.py
[2023-07-12 06:11:15,380] {scheduler_job.py:629} INFO - Processing file /opt/airflow/dags/online_payment_dag.py for tasks to queue
[2023-07-12 06:11:15,383] {logging_mixin.py:104} INFO - [2023-07-12 06:11:15,382] {dagbag.py:451} INFO - Filling up the DagBag from /opt/airflow/dags/online_payment_dag.py
[2023-07-12 06:11:16,101] {logging_mixin.py:104} INFO - [2023-07-12 06:11:16,101] {opentelemetry_tracing.py:28} INFO - This service is instrumented using OpenTelemetry.OpenTelemetry could not be imported; pleaseadd opentelemetry-api and opentelemetry-instrumentationpackages in order to get BigQuery Tracing data.
[2023-07-12 06:11:16,672] {logging_mixin.py:104} INFO - [2023-07-12 06:11:16,668] {dagbag.py:308} ERROR - Failed to import: /opt/airflow/dags/online_payment_dag.py
Traceback (most recent call last):
  File "/home/airflow/.local/lib/python3.8/site-packages/airflow/models/dagbag.py", line 305, in _load_modules_from_file
    loader.exec_module(new_module)
  File "<frozen importlib._bootstrap_external>", line 843, in exec_module
  File "<frozen importlib._bootstrap>", line 219, in _call_with_frames_removed
  File "/opt/airflow/dags/online_payment_dag.py", line 112, in <module>
    online_payment_elt = online_payment_dag()
  File "/home/airflow/.local/lib/python3.8/site-packages/airflow/models/dag.py", line 2325, in factory
    f(**f_kwargs)
  File "/opt/airflow/dags/online_payment_dag.py", line 61, in online_payment_dag
    download_from_gdrive_task = PythonOperator(
  File "/home/airflow/.local/lib/python3.8/site-packages/airflow/models/baseoperator.py", line 89, in __call__
    obj: BaseOperator = type.__call__(cls, *args, **kwargs)
  File "/home/airflow/.local/lib/python3.8/site-packages/airflow/utils/decorators.py", line 67, in wrapper
    dag_args = copy(dag.default_args) or {}
AttributeError: 'function' object has no attribute 'default_args'
[2023-07-12 06:11:16,676] {scheduler_job.py:641} WARNING - No viable dags retrieved from /opt/airflow/dags/online_payment_dag.py
[2023-07-12 06:11:17,045] {scheduler_job.py:190} INFO - Processing /opt/airflow/dags/online_payment_dag.py took 1.669 seconds
[2023-07-12 06:11:47,137] {scheduler_job.py:182} INFO - Started process (PID=34) to work on /opt/airflow/dags/online_payment_dag.py
[2023-07-12 06:11:47,139] {scheduler_job.py:629} INFO - Processing file /opt/airflow/dags/online_payment_dag.py for tasks to queue
[2023-07-12 06:11:47,140] {logging_mixin.py:104} INFO - [2023-07-12 06:11:47,140] {dagbag.py:451} INFO - Filling up the DagBag from /opt/airflow/dags/online_payment_dag.py
[2023-07-12 06:11:48,044] {logging_mixin.py:104} INFO - [2023-07-12 06:11:48,044] {opentelemetry_tracing.py:28} INFO - This service is instrumented using OpenTelemetry.OpenTelemetry could not be imported; pleaseadd opentelemetry-api and opentelemetry-instrumentationpackages in order to get BigQuery Tracing data.
[2023-07-12 06:11:48,388] {logging_mixin.py:104} INFO - [2023-07-12 06:11:48,378] {dagbag.py:308} ERROR - Failed to import: /opt/airflow/dags/online_payment_dag.py
Traceback (most recent call last):
  File "/home/airflow/.local/lib/python3.8/site-packages/airflow/models/dagbag.py", line 305, in _load_modules_from_file
    loader.exec_module(new_module)
  File "<frozen importlib._bootstrap_external>", line 843, in exec_module
  File "<frozen importlib._bootstrap>", line 219, in _call_with_frames_removed
  File "/opt/airflow/dags/online_payment_dag.py", line 102, in <module>
    online_payment_elt = online_payment_dag()
  File "/home/airflow/.local/lib/python3.8/site-packages/airflow/models/dag.py", line 2325, in factory
    f(**f_kwargs)
  File "/opt/airflow/dags/online_payment_dag.py", line 96, in online_payment_dag
    download_from_gdrive_task >> unzip_file_task
NameError: name 'unzip_file_task' is not defined
[2023-07-12 06:11:48,398] {scheduler_job.py:641} WARNING - No viable dags retrieved from /opt/airflow/dags/online_payment_dag.py
[2023-07-12 06:11:48,462] {scheduler_job.py:190} INFO - Processing /opt/airflow/dags/online_payment_dag.py took 1.330 seconds
[2023-07-12 06:12:18,558] {scheduler_job.py:182} INFO - Started process (PID=36) to work on /opt/airflow/dags/online_payment_dag.py
[2023-07-12 06:12:18,559] {scheduler_job.py:629} INFO - Processing file /opt/airflow/dags/online_payment_dag.py for tasks to queue
[2023-07-12 06:12:18,560] {logging_mixin.py:104} INFO - [2023-07-12 06:12:18,560] {dagbag.py:451} INFO - Filling up the DagBag from /opt/airflow/dags/online_payment_dag.py
[2023-07-12 06:12:19,447] {logging_mixin.py:104} INFO - [2023-07-12 06:12:19,447] {opentelemetry_tracing.py:28} INFO - This service is instrumented using OpenTelemetry.OpenTelemetry could not be imported; pleaseadd opentelemetry-api and opentelemetry-instrumentationpackages in order to get BigQuery Tracing data.
[2023-07-12 06:12:19,772] {scheduler_job.py:639} INFO - DAG(s) dict_keys(['online_payment_dag']) retrieved from /opt/airflow/dags/online_payment_dag.py
[2023-07-12 06:12:19,789] {logging_mixin.py:104} INFO - [2023-07-12 06:12:19,789] {dag.py:1824} INFO - Sync 1 DAGs
[2023-07-12 06:12:19,809] {logging_mixin.py:104} INFO - [2023-07-12 06:12:19,809] {dag.py:2280} INFO - Setting next_dagrun for online_payment_dag to 2023-07-11 12:00:00+00:00
[2023-07-12 06:12:20,090] {scheduler_job.py:190} INFO - Processing /opt/airflow/dags/online_payment_dag.py took 1.535 seconds
[2023-07-12 06:12:50,240] {scheduler_job.py:182} INFO - Started process (PID=38) to work on /opt/airflow/dags/online_payment_dag.py
[2023-07-12 06:12:50,242] {scheduler_job.py:629} INFO - Processing file /opt/airflow/dags/online_payment_dag.py for tasks to queue
[2023-07-12 06:12:50,244] {logging_mixin.py:104} INFO - [2023-07-12 06:12:50,243] {dagbag.py:451} INFO - Filling up the DagBag from /opt/airflow/dags/online_payment_dag.py
[2023-07-12 06:12:51,073] {logging_mixin.py:104} INFO - [2023-07-12 06:12:51,073] {opentelemetry_tracing.py:28} INFO - This service is instrumented using OpenTelemetry.OpenTelemetry could not be imported; pleaseadd opentelemetry-api and opentelemetry-instrumentationpackages in order to get BigQuery Tracing data.
[2023-07-12 06:12:51,351] {scheduler_job.py:639} INFO - DAG(s) dict_keys(['online_payment_dag']) retrieved from /opt/airflow/dags/online_payment_dag.py
[2023-07-12 06:12:51,364] {logging_mixin.py:104} INFO - [2023-07-12 06:12:51,363] {dag.py:1824} INFO - Sync 1 DAGs
[2023-07-12 06:12:51,389] {logging_mixin.py:104} INFO - [2023-07-12 06:12:51,389] {dag.py:2280} INFO - Setting next_dagrun for online_payment_dag to 2023-07-11 12:00:00+00:00
[2023-07-12 06:12:51,451] {scheduler_job.py:190} INFO - Processing /opt/airflow/dags/online_payment_dag.py took 1.215 seconds
[2023-07-12 06:13:21,558] {scheduler_job.py:182} INFO - Started process (PID=40) to work on /opt/airflow/dags/online_payment_dag.py
[2023-07-12 06:13:21,561] {scheduler_job.py:629} INFO - Processing file /opt/airflow/dags/online_payment_dag.py for tasks to queue
[2023-07-12 06:13:21,563] {logging_mixin.py:104} INFO - [2023-07-12 06:13:21,563] {dagbag.py:451} INFO - Filling up the DagBag from /opt/airflow/dags/online_payment_dag.py
[2023-07-12 06:13:22,996] {logging_mixin.py:104} INFO - [2023-07-12 06:13:22,996] {opentelemetry_tracing.py:28} INFO - This service is instrumented using OpenTelemetry.OpenTelemetry could not be imported; pleaseadd opentelemetry-api and opentelemetry-instrumentationpackages in order to get BigQuery Tracing data.
[2023-07-12 06:13:23,704] {scheduler_job.py:639} INFO - DAG(s) dict_keys(['online_payment_dag']) retrieved from /opt/airflow/dags/online_payment_dag.py
[2023-07-12 06:13:23,730] {logging_mixin.py:104} INFO - [2023-07-12 06:13:23,730] {dag.py:1824} INFO - Sync 1 DAGs
[2023-07-12 06:13:23,763] {logging_mixin.py:104} INFO - [2023-07-12 06:13:23,763] {dag.py:2280} INFO - Setting next_dagrun for online_payment_dag to 2023-07-11 12:00:00+00:00
[2023-07-12 06:13:23,937] {scheduler_job.py:190} INFO - Processing /opt/airflow/dags/online_payment_dag.py took 2.383 seconds
[2023-07-12 06:13:54,037] {scheduler_job.py:182} INFO - Started process (PID=42) to work on /opt/airflow/dags/online_payment_dag.py
[2023-07-12 06:13:54,054] {scheduler_job.py:629} INFO - Processing file /opt/airflow/dags/online_payment_dag.py for tasks to queue
[2023-07-12 06:13:54,055] {logging_mixin.py:104} INFO - [2023-07-12 06:13:54,055] {dagbag.py:451} INFO - Filling up the DagBag from /opt/airflow/dags/online_payment_dag.py
[2023-07-12 06:13:54,876] {logging_mixin.py:104} INFO - [2023-07-12 06:13:54,876] {opentelemetry_tracing.py:28} INFO - This service is instrumented using OpenTelemetry.OpenTelemetry could not be imported; pleaseadd opentelemetry-api and opentelemetry-instrumentationpackages in order to get BigQuery Tracing data.
[2023-07-12 06:13:55,199] {scheduler_job.py:639} INFO - DAG(s) dict_keys(['online_payment_dag']) retrieved from /opt/airflow/dags/online_payment_dag.py
[2023-07-12 06:13:55,229] {logging_mixin.py:104} INFO - [2023-07-12 06:13:55,228] {dag.py:1824} INFO - Sync 1 DAGs
[2023-07-12 06:13:55,258] {logging_mixin.py:104} INFO - [2023-07-12 06:13:55,258] {dag.py:2280} INFO - Setting next_dagrun for online_payment_dag to 2023-07-11 12:00:00+00:00
[2023-07-12 06:13:55,324] {scheduler_job.py:190} INFO - Processing /opt/airflow/dags/online_payment_dag.py took 1.291 seconds
[2023-07-12 06:14:25,540] {scheduler_job.py:182} INFO - Started process (PID=44) to work on /opt/airflow/dags/online_payment_dag.py
[2023-07-12 06:14:25,677] {scheduler_job.py:629} INFO - Processing file /opt/airflow/dags/online_payment_dag.py for tasks to queue
[2023-07-12 06:14:25,678] {logging_mixin.py:104} INFO - [2023-07-12 06:14:25,678] {dagbag.py:451} INFO - Filling up the DagBag from /opt/airflow/dags/online_payment_dag.py
[2023-07-12 06:14:26,577] {logging_mixin.py:104} INFO - [2023-07-12 06:14:26,577] {opentelemetry_tracing.py:28} INFO - This service is instrumented using OpenTelemetry.OpenTelemetry could not be imported; pleaseadd opentelemetry-api and opentelemetry-instrumentationpackages in order to get BigQuery Tracing data.
[2023-07-12 06:14:26,876] {scheduler_job.py:639} INFO - DAG(s) dict_keys(['online_payment_dag']) retrieved from /opt/airflow/dags/online_payment_dag.py
[2023-07-12 06:14:26,889] {logging_mixin.py:104} INFO - [2023-07-12 06:14:26,888] {dag.py:1824} INFO - Sync 1 DAGs
[2023-07-12 06:14:26,912] {logging_mixin.py:104} INFO - [2023-07-12 06:14:26,912] {dag.py:2280} INFO - Setting next_dagrun for online_payment_dag to 2023-07-11 12:00:00+00:00
[2023-07-12 06:14:28,438] {scheduler_job.py:190} INFO - Processing /opt/airflow/dags/online_payment_dag.py took 2.900 seconds
[2023-07-12 06:14:58,568] {scheduler_job.py:182} INFO - Started process (PID=46) to work on /opt/airflow/dags/online_payment_dag.py
[2023-07-12 06:14:58,573] {scheduler_job.py:629} INFO - Processing file /opt/airflow/dags/online_payment_dag.py for tasks to queue
[2023-07-12 06:14:58,574] {logging_mixin.py:104} INFO - [2023-07-12 06:14:58,574] {dagbag.py:451} INFO - Filling up the DagBag from /opt/airflow/dags/online_payment_dag.py
[2023-07-12 06:14:59,941] {logging_mixin.py:104} INFO - [2023-07-12 06:14:59,941] {opentelemetry_tracing.py:28} INFO - This service is instrumented using OpenTelemetry.OpenTelemetry could not be imported; pleaseadd opentelemetry-api and opentelemetry-instrumentationpackages in order to get BigQuery Tracing data.
[2023-07-12 06:15:00,473] {scheduler_job.py:639} INFO - DAG(s) dict_keys(['online_payment_dag']) retrieved from /opt/airflow/dags/online_payment_dag.py
[2023-07-12 06:15:00,501] {logging_mixin.py:104} INFO - [2023-07-12 06:15:00,500] {dag.py:1824} INFO - Sync 1 DAGs
[2023-07-12 06:15:00,527] {logging_mixin.py:104} INFO - [2023-07-12 06:15:00,526] {dag.py:2280} INFO - Setting next_dagrun for online_payment_dag to 2023-07-11 12:00:00+00:00
[2023-07-12 06:15:04,683] {scheduler_job.py:190} INFO - Processing /opt/airflow/dags/online_payment_dag.py took 6.120 seconds
[2023-07-12 06:15:34,787] {scheduler_job.py:182} INFO - Started process (PID=48) to work on /opt/airflow/dags/online_payment_dag.py
[2023-07-12 06:15:34,789] {scheduler_job.py:629} INFO - Processing file /opt/airflow/dags/online_payment_dag.py for tasks to queue
[2023-07-12 06:15:34,791] {logging_mixin.py:104} INFO - [2023-07-12 06:15:34,791] {dagbag.py:451} INFO - Filling up the DagBag from /opt/airflow/dags/online_payment_dag.py
[2023-07-12 06:15:36,216] {logging_mixin.py:104} INFO - [2023-07-12 06:15:36,216] {opentelemetry_tracing.py:28} INFO - This service is instrumented using OpenTelemetry.OpenTelemetry could not be imported; pleaseadd opentelemetry-api and opentelemetry-instrumentationpackages in order to get BigQuery Tracing data.
[2023-07-12 06:15:36,571] {scheduler_job.py:639} INFO - DAG(s) dict_keys(['online_payment_dag']) retrieved from /opt/airflow/dags/online_payment_dag.py
[2023-07-12 06:15:36,587] {logging_mixin.py:104} INFO - [2023-07-12 06:15:36,586] {dag.py:1824} INFO - Sync 1 DAGs
[2023-07-12 06:15:36,618] {logging_mixin.py:104} INFO - [2023-07-12 06:15:36,617] {dag.py:2280} INFO - Setting next_dagrun for online_payment_dag to 2023-07-11 12:00:00+00:00
[2023-07-12 06:15:40,260] {scheduler_job.py:190} INFO - Processing /opt/airflow/dags/online_payment_dag.py took 5.478 seconds
[2023-07-12 06:16:10,365] {scheduler_job.py:182} INFO - Started process (PID=50) to work on /opt/airflow/dags/online_payment_dag.py
[2023-07-12 06:16:10,369] {scheduler_job.py:629} INFO - Processing file /opt/airflow/dags/online_payment_dag.py for tasks to queue
[2023-07-12 06:16:10,371] {logging_mixin.py:104} INFO - [2023-07-12 06:16:10,370] {dagbag.py:451} INFO - Filling up the DagBag from /opt/airflow/dags/online_payment_dag.py
[2023-07-12 06:16:11,882] {logging_mixin.py:104} INFO - [2023-07-12 06:16:11,882] {opentelemetry_tracing.py:28} INFO - This service is instrumented using OpenTelemetry.OpenTelemetry could not be imported; pleaseadd opentelemetry-api and opentelemetry-instrumentationpackages in order to get BigQuery Tracing data.
[2023-07-12 06:16:12,191] {scheduler_job.py:639} INFO - DAG(s) dict_keys(['online_payment_dag']) retrieved from /opt/airflow/dags/online_payment_dag.py
[2023-07-12 06:16:12,206] {logging_mixin.py:104} INFO - [2023-07-12 06:16:12,205] {dag.py:1824} INFO - Sync 1 DAGs
[2023-07-12 06:16:12,231] {logging_mixin.py:104} INFO - [2023-07-12 06:16:12,231] {dag.py:2280} INFO - Setting next_dagrun for online_payment_dag to 2023-07-11 12:00:00+00:00
[2023-07-12 06:16:13,693] {scheduler_job.py:190} INFO - Processing /opt/airflow/dags/online_payment_dag.py took 3.333 seconds
[2023-07-12 06:16:43,775] {scheduler_job.py:182} INFO - Started process (PID=52) to work on /opt/airflow/dags/online_payment_dag.py
[2023-07-12 06:16:43,777] {scheduler_job.py:629} INFO - Processing file /opt/airflow/dags/online_payment_dag.py for tasks to queue
[2023-07-12 06:16:43,778] {logging_mixin.py:104} INFO - [2023-07-12 06:16:43,778] {dagbag.py:451} INFO - Filling up the DagBag from /opt/airflow/dags/online_payment_dag.py
[2023-07-12 06:16:44,864] {logging_mixin.py:104} INFO - [2023-07-12 06:16:44,864] {opentelemetry_tracing.py:28} INFO - This service is instrumented using OpenTelemetry.OpenTelemetry could not be imported; pleaseadd opentelemetry-api and opentelemetry-instrumentationpackages in order to get BigQuery Tracing data.
[2023-07-12 06:16:45,187] {scheduler_job.py:639} INFO - DAG(s) dict_keys(['online_payment_dag']) retrieved from /opt/airflow/dags/online_payment_dag.py
[2023-07-12 06:16:45,200] {logging_mixin.py:104} INFO - [2023-07-12 06:16:45,200] {dag.py:1824} INFO - Sync 1 DAGs
[2023-07-12 06:16:45,221] {logging_mixin.py:104} INFO - [2023-07-12 06:16:45,221] {dag.py:2280} INFO - Setting next_dagrun for online_payment_dag to 2023-07-11 12:00:00+00:00
[2023-07-12 06:16:47,838] {scheduler_job.py:190} INFO - Processing /opt/airflow/dags/online_payment_dag.py took 4.066 seconds
[2023-07-12 06:17:17,879] {scheduler_job.py:182} INFO - Started process (PID=54) to work on /opt/airflow/dags/online_payment_dag.py
[2023-07-12 06:17:17,881] {scheduler_job.py:629} INFO - Processing file /opt/airflow/dags/online_payment_dag.py for tasks to queue
[2023-07-12 06:17:17,883] {logging_mixin.py:104} INFO - [2023-07-12 06:17:17,882] {dagbag.py:451} INFO - Filling up the DagBag from /opt/airflow/dags/online_payment_dag.py
[2023-07-12 06:17:18,650] {logging_mixin.py:104} INFO - [2023-07-12 06:17:18,650] {opentelemetry_tracing.py:28} INFO - This service is instrumented using OpenTelemetry.OpenTelemetry could not be imported; pleaseadd opentelemetry-api and opentelemetry-instrumentationpackages in order to get BigQuery Tracing data.
[2023-07-12 06:17:18,992] {scheduler_job.py:639} INFO - DAG(s) dict_keys(['online_payment_dag']) retrieved from /opt/airflow/dags/online_payment_dag.py
[2023-07-12 06:17:19,004] {logging_mixin.py:104} INFO - [2023-07-12 06:17:19,003] {dag.py:1824} INFO - Sync 1 DAGs
[2023-07-12 06:17:19,024] {logging_mixin.py:104} INFO - [2023-07-12 06:17:19,024] {dag.py:2280} INFO - Setting next_dagrun for online_payment_dag to 2023-07-11 12:00:00+00:00
[2023-07-12 06:17:20,760] {scheduler_job.py:190} INFO - Processing /opt/airflow/dags/online_payment_dag.py took 2.885 seconds
[2023-07-12 06:19:41,851] {scheduler_job.py:182} INFO - Started process (PID=26) to work on /opt/airflow/dags/online_payment_dag.py
[2023-07-12 06:19:41,858] {scheduler_job.py:629} INFO - Processing file /opt/airflow/dags/online_payment_dag.py for tasks to queue
[2023-07-12 06:19:41,860] {logging_mixin.py:104} INFO - [2023-07-12 06:19:41,860] {dagbag.py:451} INFO - Filling up the DagBag from /opt/airflow/dags/online_payment_dag.py
[2023-07-12 06:19:46,212] {logging_mixin.py:104} INFO - [2023-07-12 06:19:46,211] {opentelemetry_tracing.py:28} INFO - This service is instrumented using OpenTelemetry.OpenTelemetry could not be imported; pleaseadd opentelemetry-api and opentelemetry-instrumentationpackages in order to get BigQuery Tracing data.
[2023-07-12 06:19:46,561] {scheduler_job.py:639} INFO - DAG(s) dict_keys(['online_payment_dag']) retrieved from /opt/airflow/dags/online_payment_dag.py
[2023-07-12 06:19:46,577] {logging_mixin.py:104} INFO - [2023-07-12 06:19:46,576] {dag.py:1824} INFO - Sync 1 DAGs
[2023-07-12 06:19:46,603] {logging_mixin.py:104} INFO - [2023-07-12 06:19:46,603] {dag.py:2280} INFO - Setting next_dagrun for online_payment_dag to 2023-07-11 12:00:00+00:00
[2023-07-12 06:19:48,976] {scheduler_job.py:190} INFO - Processing /opt/airflow/dags/online_payment_dag.py took 7.130 seconds
[2023-07-12 06:20:19,179] {scheduler_job.py:182} INFO - Started process (PID=28) to work on /opt/airflow/dags/online_payment_dag.py
[2023-07-12 06:20:19,180] {scheduler_job.py:629} INFO - Processing file /opt/airflow/dags/online_payment_dag.py for tasks to queue
[2023-07-12 06:20:19,181] {logging_mixin.py:104} INFO - [2023-07-12 06:20:19,181] {dagbag.py:451} INFO - Filling up the DagBag from /opt/airflow/dags/online_payment_dag.py
[2023-07-12 06:20:19,913] {logging_mixin.py:104} INFO - [2023-07-12 06:20:19,913] {opentelemetry_tracing.py:28} INFO - This service is instrumented using OpenTelemetry.OpenTelemetry could not be imported; pleaseadd opentelemetry-api and opentelemetry-instrumentationpackages in order to get BigQuery Tracing data.
[2023-07-12 06:20:20,159] {scheduler_job.py:639} INFO - DAG(s) dict_keys(['online_payment_dag']) retrieved from /opt/airflow/dags/online_payment_dag.py
[2023-07-12 06:20:20,171] {logging_mixin.py:104} INFO - [2023-07-12 06:20:20,171] {dag.py:1824} INFO - Sync 1 DAGs
[2023-07-12 06:20:20,189] {logging_mixin.py:104} INFO - [2023-07-12 06:20:20,189] {dag.py:2280} INFO - Setting next_dagrun for online_payment_dag to 2023-07-11 12:00:00+00:00
[2023-07-12 06:20:22,097] {scheduler_job.py:190} INFO - Processing /opt/airflow/dags/online_payment_dag.py took 2.922 seconds
[2023-07-12 06:20:52,207] {scheduler_job.py:182} INFO - Started process (PID=30) to work on /opt/airflow/dags/online_payment_dag.py
[2023-07-12 06:20:52,210] {scheduler_job.py:629} INFO - Processing file /opt/airflow/dags/online_payment_dag.py for tasks to queue
[2023-07-12 06:20:52,211] {logging_mixin.py:104} INFO - [2023-07-12 06:20:52,211] {dagbag.py:451} INFO - Filling up the DagBag from /opt/airflow/dags/online_payment_dag.py
[2023-07-12 06:20:53,774] {logging_mixin.py:104} INFO - [2023-07-12 06:20:53,774] {opentelemetry_tracing.py:28} INFO - This service is instrumented using OpenTelemetry.OpenTelemetry could not be imported; pleaseadd opentelemetry-api and opentelemetry-instrumentationpackages in order to get BigQuery Tracing data.
[2023-07-12 06:20:54,065] {scheduler_job.py:639} INFO - DAG(s) dict_keys(['online_payment_dag']) retrieved from /opt/airflow/dags/online_payment_dag.py
[2023-07-12 06:20:54,082] {logging_mixin.py:104} INFO - [2023-07-12 06:20:54,082] {dag.py:1824} INFO - Sync 1 DAGs
[2023-07-12 06:20:54,102] {logging_mixin.py:104} INFO - [2023-07-12 06:20:54,102] {dag.py:2280} INFO - Setting next_dagrun for online_payment_dag to 2023-07-11 12:00:00+00:00
[2023-07-12 06:20:54,254] {scheduler_job.py:190} INFO - Processing /opt/airflow/dags/online_payment_dag.py took 2.051 seconds
[2023-07-12 06:21:24,383] {scheduler_job.py:182} INFO - Started process (PID=32) to work on /opt/airflow/dags/online_payment_dag.py
[2023-07-12 06:21:24,385] {scheduler_job.py:629} INFO - Processing file /opt/airflow/dags/online_payment_dag.py for tasks to queue
[2023-07-12 06:21:24,386] {logging_mixin.py:104} INFO - [2023-07-12 06:21:24,386] {dagbag.py:451} INFO - Filling up the DagBag from /opt/airflow/dags/online_payment_dag.py
[2023-07-12 06:21:25,480] {logging_mixin.py:104} INFO - [2023-07-12 06:21:25,480] {opentelemetry_tracing.py:28} INFO - This service is instrumented using OpenTelemetry.OpenTelemetry could not be imported; pleaseadd opentelemetry-api and opentelemetry-instrumentationpackages in order to get BigQuery Tracing data.
[2023-07-12 06:21:25,749] {scheduler_job.py:639} INFO - DAG(s) dict_keys(['online_payment_dag']) retrieved from /opt/airflow/dags/online_payment_dag.py
[2023-07-12 06:21:25,762] {logging_mixin.py:104} INFO - [2023-07-12 06:21:25,761] {dag.py:1824} INFO - Sync 1 DAGs
[2023-07-12 06:21:25,783] {logging_mixin.py:104} INFO - [2023-07-12 06:21:25,783] {dag.py:2280} INFO - Setting next_dagrun for online_payment_dag to 2023-07-11 12:00:00+00:00
[2023-07-12 06:21:27,281] {scheduler_job.py:190} INFO - Processing /opt/airflow/dags/online_payment_dag.py took 2.901 seconds
[2023-07-12 06:21:57,413] {scheduler_job.py:182} INFO - Started process (PID=34) to work on /opt/airflow/dags/online_payment_dag.py
[2023-07-12 06:21:57,415] {scheduler_job.py:629} INFO - Processing file /opt/airflow/dags/online_payment_dag.py for tasks to queue
[2023-07-12 06:21:57,415] {logging_mixin.py:104} INFO - [2023-07-12 06:21:57,415] {dagbag.py:451} INFO - Filling up the DagBag from /opt/airflow/dags/online_payment_dag.py
[2023-07-12 06:21:58,121] {logging_mixin.py:104} INFO - [2023-07-12 06:21:58,121] {opentelemetry_tracing.py:28} INFO - This service is instrumented using OpenTelemetry.OpenTelemetry could not be imported; pleaseadd opentelemetry-api and opentelemetry-instrumentationpackages in order to get BigQuery Tracing data.
[2023-07-12 06:21:58,341] {scheduler_job.py:639} INFO - DAG(s) dict_keys(['online_payment_dag']) retrieved from /opt/airflow/dags/online_payment_dag.py
[2023-07-12 06:21:58,351] {logging_mixin.py:104} INFO - [2023-07-12 06:21:58,351] {dag.py:1824} INFO - Sync 1 DAGs
[2023-07-12 06:21:58,368] {logging_mixin.py:104} INFO - [2023-07-12 06:21:58,368] {dag.py:2280} INFO - Setting next_dagrun for online_payment_dag to 2023-07-11 12:00:00+00:00
[2023-07-12 06:21:59,496] {scheduler_job.py:190} INFO - Processing /opt/airflow/dags/online_payment_dag.py took 2.085 seconds
