[2023-07-10 18:41:11,603] {taskinstance.py:877} INFO - Dependencies all met for <TaskInstance: online_payment_dag.extract_transform 2023-07-10T18:41:03.412484+00:00 [queued]>
[2023-07-10 18:41:11,833] {taskinstance.py:877} INFO - Dependencies all met for <TaskInstance: online_payment_dag.extract_transform 2023-07-10T18:41:03.412484+00:00 [queued]>
[2023-07-10 18:41:11,834] {taskinstance.py:1068} INFO - 
--------------------------------------------------------------------------------
[2023-07-10 18:41:11,835] {taskinstance.py:1069} INFO - Starting attempt 1 of 1
[2023-07-10 18:41:11,836] {taskinstance.py:1070} INFO - 
--------------------------------------------------------------------------------
[2023-07-10 18:41:11,933] {taskinstance.py:1089} INFO - Executing <Task(_PythonDecoratedOperator): extract_transform> on 2023-07-10T18:41:03.412484+00:00
[2023-07-10 18:41:11,943] {standard_task_runner.py:52} INFO - Started process 102 to run task
[2023-07-10 18:41:11,953] {standard_task_runner.py:76} INFO - Running: ['airflow', 'tasks', 'run', 'online_payment_dag', 'extract_transform', '2023-07-10T18:41:03.412484+00:00', '--job-id', '32', '--pool', 'default_pool', '--raw', '--subdir', 'DAGS_FOLDER/online_payment_dag.py', '--cfg-path', '/tmp/tmp4lx0sa0g', '--error-file', '/tmp/tmpa9t2m_tq']
[2023-07-10 18:41:11,956] {standard_task_runner.py:77} INFO - Job 32: Subtask extract_transform
[2023-07-10 18:41:12,279] {logging_mixin.py:104} INFO - Running <TaskInstance: online_payment_dag.extract_transform 2023-07-10T18:41:03.412484+00:00 [running]> on host e4222cfbfdf4
[2023-07-10 18:41:12,461] {taskinstance.py:1281} INFO - Exporting the following env vars:
AIRFLOW_CTX_DAG_EMAIL=datokza@gmail.com
AIRFLOW_CTX_DAG_OWNER=okza
AIRFLOW_CTX_DAG_ID=online_payment_dag
AIRFLOW_CTX_TASK_ID=extract_transform
AIRFLOW_CTX_EXECUTION_DATE=2023-07-10T18:41:03.412484+00:00
AIRFLOW_CTX_DAG_RUN_ID=manual__2023-07-10T18:41:03.412484+00:00
[2023-07-10 18:41:12,612] {taskinstance.py:1185} INFO - Marking task as SUCCESS. dag_id=online_payment_dag, task_id=extract_transform, execution_date=20230710T184103, start_date=20230710T184111, end_date=20230710T184112
[2023-07-10 18:41:12,871] {taskinstance.py:1246} INFO - 1 downstream tasks scheduled from follow-on schedule check
[2023-07-10 18:41:12,904] {local_task_job.py:146} INFO - Task exited with return code 0
