[2023-07-10 17:57:05,967] {taskinstance.py:877} INFO - Dependencies all met for <TaskInstance: online_payment_dag.extract_transform 2023-07-09T12:00:00+00:00 [queued]>
[2023-07-10 17:57:06,047] {taskinstance.py:877} INFO - Dependencies all met for <TaskInstance: online_payment_dag.extract_transform 2023-07-09T12:00:00+00:00 [queued]>
[2023-07-10 17:57:06,047] {taskinstance.py:1068} INFO - 
--------------------------------------------------------------------------------
[2023-07-10 17:57:06,048] {taskinstance.py:1069} INFO - Starting attempt 1 of 1
[2023-07-10 17:57:06,049] {taskinstance.py:1070} INFO - 
--------------------------------------------------------------------------------
[2023-07-10 17:57:06,136] {taskinstance.py:1089} INFO - Executing <Task(_PythonDecoratedOperator): extract_transform> on 2023-07-09T12:00:00+00:00
[2023-07-10 17:57:06,144] {standard_task_runner.py:52} INFO - Started process 48 to run task
[2023-07-10 17:57:06,149] {standard_task_runner.py:76} INFO - Running: ['airflow', 'tasks', 'run', 'online_payment_dag', 'extract_transform', '2023-07-09T12:00:00+00:00', '--job-id', '13', '--pool', 'default_pool', '--raw', '--subdir', 'DAGS_FOLDER/online_payment_dag.py', '--cfg-path', '/tmp/tmpc3xr_60b', '--error-file', '/tmp/tmpmjuv23ik']
[2023-07-10 17:57:06,151] {standard_task_runner.py:77} INFO - Job 13: Subtask extract_transform
[2023-07-10 17:57:06,299] {logging_mixin.py:104} INFO - Running <TaskInstance: online_payment_dag.extract_transform 2023-07-09T12:00:00+00:00 [running]> on host e4222cfbfdf4
[2023-07-10 17:57:06,490] {taskinstance.py:1281} INFO - Exporting the following env vars:
AIRFLOW_CTX_DAG_EMAIL=datokza@gmail.com
AIRFLOW_CTX_DAG_OWNER=okza
AIRFLOW_CTX_DAG_ID=online_payment_dag
AIRFLOW_CTX_TASK_ID=extract_transform
AIRFLOW_CTX_EXECUTION_DATE=2023-07-09T12:00:00+00:00
AIRFLOW_CTX_DAG_RUN_ID=scheduled__2023-07-09T12:00:00+00:00
[2023-07-10 17:57:06,612] {taskinstance.py:1185} INFO - Marking task as SUCCESS. dag_id=online_payment_dag, task_id=extract_transform, execution_date=20230709T120000, start_date=20230710T175705, end_date=20230710T175706
[2023-07-10 17:57:06,825] {taskinstance.py:1246} INFO - 1 downstream tasks scheduled from follow-on schedule check
[2023-07-10 17:57:06,846] {local_task_job.py:146} INFO - Task exited with return code 0
