[2023-07-10 18:38:40,454] {taskinstance.py:877} INFO - Dependencies all met for <TaskInstance: online_payment_dag.store_to_gcs 2023-07-10T18:38:28.890905+00:00 [queued]>
[2023-07-10 18:38:40,562] {taskinstance.py:877} INFO - Dependencies all met for <TaskInstance: online_payment_dag.store_to_gcs 2023-07-10T18:38:28.890905+00:00 [queued]>
[2023-07-10 18:38:40,563] {taskinstance.py:1068} INFO - 
--------------------------------------------------------------------------------
[2023-07-10 18:38:40,564] {taskinstance.py:1069} INFO - Starting attempt 1 of 1
[2023-07-10 18:38:40,564] {taskinstance.py:1070} INFO - 
--------------------------------------------------------------------------------
[2023-07-10 18:38:40,753] {taskinstance.py:1089} INFO - Executing <Task(LocalFilesystemToGCSOperator): store_to_gcs> on 2023-07-10T18:38:28.890905+00:00
[2023-07-10 18:38:40,765] {standard_task_runner.py:52} INFO - Started process 96 to run task
[2023-07-10 18:38:40,774] {standard_task_runner.py:76} INFO - Running: ['airflow', 'tasks', 'run', 'online_payment_dag', 'store_to_gcs', '2023-07-10T18:38:28.890905+00:00', '--job-id', '30', '--pool', 'default_pool', '--raw', '--subdir', 'DAGS_FOLDER/online_payment_dag.py', '--cfg-path', '/tmp/tmpbgwtnw1t', '--error-file', '/tmp/tmp5p6hw71y']
[2023-07-10 18:38:40,776] {standard_task_runner.py:77} INFO - Job 30: Subtask store_to_gcs
[2023-07-10 18:38:40,894] {logging_mixin.py:104} INFO - Running <TaskInstance: online_payment_dag.store_to_gcs 2023-07-10T18:38:28.890905+00:00 [running]> on host e4222cfbfdf4
[2023-07-10 18:38:40,990] {taskinstance.py:1281} INFO - Exporting the following env vars:
AIRFLOW_CTX_DAG_EMAIL=datokza@gmail.com
AIRFLOW_CTX_DAG_OWNER=okza
AIRFLOW_CTX_DAG_ID=online_payment_dag
AIRFLOW_CTX_TASK_ID=store_to_gcs
AIRFLOW_CTX_EXECUTION_DATE=2023-07-10T18:38:28.890905+00:00
AIRFLOW_CTX_DAG_RUN_ID=manual__2023-07-10T18:38:28.890905+00:00
[2023-07-10 18:38:41,246] {gcs.py:485} INFO - File /opt/airflow/data/extract_disaster_data.csv uploaded to extract_disaster_data.csv in airflowdf bucket
[2023-07-10 18:38:41,289] {taskinstance.py:1185} INFO - Marking task as SUCCESS. dag_id=online_payment_dag, task_id=store_to_gcs, execution_date=20230710T183828, start_date=20230710T183840, end_date=20230710T183841
[2023-07-10 18:38:41,772] {taskinstance.py:1246} INFO - 1 downstream tasks scheduled from follow-on schedule check
[2023-07-10 18:38:41,791] {local_task_job.py:146} INFO - Task exited with return code 0
