[2023-07-12 06:13:41,775] {taskinstance.py:877} INFO - Dependencies all met for <TaskInstance: online_payment_dag.unzip_file 2023-07-12T06:12:53.567734+00:00 [queued]>
[2023-07-12 06:13:41,839] {taskinstance.py:877} INFO - Dependencies all met for <TaskInstance: online_payment_dag.unzip_file 2023-07-12T06:12:53.567734+00:00 [queued]>
[2023-07-12 06:13:41,840] {taskinstance.py:1068} INFO - 
--------------------------------------------------------------------------------
[2023-07-12 06:13:41,841] {taskinstance.py:1069} INFO - Starting attempt 1 of 1
[2023-07-12 06:13:41,842] {taskinstance.py:1070} INFO - 
--------------------------------------------------------------------------------
[2023-07-12 06:13:41,940] {taskinstance.py:1089} INFO - Executing <Task(_PythonDecoratedOperator): unzip_file> on 2023-07-12T06:12:53.567734+00:00
[2023-07-12 06:13:41,946] {standard_task_runner.py:52} INFO - Started process 48 to run task
[2023-07-12 06:13:41,950] {standard_task_runner.py:76} INFO - Running: ['airflow', 'tasks', 'run', 'online_payment_dag', 'unzip_file', '2023-07-12T06:12:53.567734+00:00', '--job-id', '29', '--pool', 'default_pool', '--raw', '--subdir', 'DAGS_FOLDER/online_payment_dag.py', '--cfg-path', '/tmp/tmpmbsfilsf', '--error-file', '/tmp/tmpm5rvbo3j']
[2023-07-12 06:13:41,952] {standard_task_runner.py:77} INFO - Job 29: Subtask unzip_file
[2023-07-12 06:13:42,105] {logging_mixin.py:104} INFO - Running <TaskInstance: online_payment_dag.unzip_file 2023-07-12T06:12:53.567734+00:00 [running]> on host 11bfbcbbf30b
[2023-07-12 06:13:42,402] {taskinstance.py:1281} INFO - Exporting the following env vars:
AIRFLOW_CTX_DAG_EMAIL=datokza@gmail.com
AIRFLOW_CTX_DAG_OWNER=okza
AIRFLOW_CTX_DAG_ID=online_payment_dag
AIRFLOW_CTX_TASK_ID=unzip_file
AIRFLOW_CTX_EXECUTION_DATE=2023-07-12T06:12:53.567734+00:00
AIRFLOW_CTX_DAG_RUN_ID=manual__2023-07-12T06:12:53.567734+00:00
[2023-07-12 06:14:38,024] {taskinstance.py:1185} INFO - Marking task as SUCCESS. dag_id=online_payment_dag, task_id=unzip_file, execution_date=20230712T061253, start_date=20230712T061341, end_date=20230712T061438
[2023-07-12 06:14:38,562] {taskinstance.py:1246} INFO - 1 downstream tasks scheduled from follow-on schedule check
[2023-07-12 06:14:38,613] {local_task_job.py:146} INFO - Task exited with return code 0
