[2023-07-10 18:37:28,939] {taskinstance.py:877} INFO - Dependencies all met for <TaskInstance: online_payment_dag.extract_transform 2023-07-10T18:37:24.597576+00:00 [queued]>
[2023-07-10 18:37:29,174] {taskinstance.py:877} INFO - Dependencies all met for <TaskInstance: online_payment_dag.extract_transform 2023-07-10T18:37:24.597576+00:00 [queued]>
[2023-07-10 18:37:29,175] {taskinstance.py:1068} INFO - 
--------------------------------------------------------------------------------
[2023-07-10 18:37:29,175] {taskinstance.py:1069} INFO - Starting attempt 1 of 1
[2023-07-10 18:37:29,176] {taskinstance.py:1070} INFO - 
--------------------------------------------------------------------------------
[2023-07-10 18:37:29,375] {taskinstance.py:1089} INFO - Executing <Task(_PythonDecoratedOperator): extract_transform> on 2023-07-10T18:37:24.597576+00:00
[2023-07-10 18:37:29,383] {standard_task_runner.py:52} INFO - Started process 84 to run task
[2023-07-10 18:37:29,388] {standard_task_runner.py:76} INFO - Running: ['airflow', 'tasks', 'run', 'online_payment_dag', 'extract_transform', '2023-07-10T18:37:24.597576+00:00', '--job-id', '26', '--pool', 'default_pool', '--raw', '--subdir', 'DAGS_FOLDER/online_payment_dag.py', '--cfg-path', '/tmp/tmp901vaaxi', '--error-file', '/tmp/tmpoccbnjfq']
[2023-07-10 18:37:29,389] {standard_task_runner.py:77} INFO - Job 26: Subtask extract_transform
[2023-07-10 18:37:29,750] {logging_mixin.py:104} INFO - Running <TaskInstance: online_payment_dag.extract_transform 2023-07-10T18:37:24.597576+00:00 [running]> on host e4222cfbfdf4
[2023-07-10 18:37:30,028] {taskinstance.py:1281} INFO - Exporting the following env vars:
AIRFLOW_CTX_DAG_EMAIL=datokza@gmail.com
AIRFLOW_CTX_DAG_OWNER=okza
AIRFLOW_CTX_DAG_ID=online_payment_dag
AIRFLOW_CTX_TASK_ID=extract_transform
AIRFLOW_CTX_EXECUTION_DATE=2023-07-10T18:37:24.597576+00:00
AIRFLOW_CTX_DAG_RUN_ID=manual__2023-07-10T18:37:24.597576+00:00
[2023-07-10 18:37:30,120] {taskinstance.py:1185} INFO - Marking task as SUCCESS. dag_id=online_payment_dag, task_id=extract_transform, execution_date=20230710T183724, start_date=20230710T183728, end_date=20230710T183730
[2023-07-10 18:37:30,265] {taskinstance.py:1246} INFO - 1 downstream tasks scheduled from follow-on schedule check
[2023-07-10 18:37:30,296] {local_task_job.py:146} INFO - Task exited with return code 0
